<?xml version="1.0" encoding="UTF-8"?>
<testng-results ignored="0" total="2" passed="2" failed="0" skipped="0">
  <reporter-output>
  </reporter-output>
  <suite started-at="2023-07-24T13:48:56 IST" name="Default suite" finished-at="2023-07-24T13:48:56 IST" duration-ms="115">
    <groups>
    </groups>
    <test started-at="2023-07-24T13:48:56 IST" name="Default test" finished-at="2023-07-24T13:48:56 IST" duration-ms="115">
      <class name="forEachJavaStream">
        <test-method signature="collectStream()[pri:0, instance:forEachJavaStream@4d154ccd]" started-at="2023-07-24T13:48:56 IST" name="collectStream" finished-at="2023-07-24T13:48:56 IST" duration-ms="14" status="PASS">
          <reporter-output>
          </reporter-output>
        </test-method> <!-- collectStream -->
        <test-method signature="streamInteger()[pri:0, instance:forEachJavaStream@4d154ccd]" started-at="2023-07-24T13:48:56 IST" name="streamInteger" finished-at="2023-07-24T13:48:56 IST" duration-ms="7" status="PASS">
          <reporter-output>
          </reporter-output>
        </test-method> <!-- streamInteger -->
      </class> <!-- forEachJavaStream -->
    </test> <!-- Default test -->
  </suite> <!-- Default suite -->
</testng-results>
